This is pdfTeX, Version 3.14159-14h-released-20010417 (Web2C 7.3.3.1) (format=pdflatex 2003.2.18)  2 DEC 2004 15:12
**docq
(/usr/share/texmf/tex/latex/tools/q.tex{/usr/share/texmf/pdftex/config/pdftex.c
fg}
LaTeX2e <2001/06/01>
Babel <v3.7h> and hyphenation patterns for american, french, german, ngerman, i
talian, nohyphenation, loaded.
File ignored
)
! Emergency stop.
<*> docq
        
*** (job aborted, no legal \end found)

 
Here is how much of TeX's memory you used:
 7 strings out of 50453
 129 string characters out of 688420
 44238 words of memory out of 1500001
 3102 multiletter control sequences out of 10000+25000
 3640 words of font info for 14 fonts, out of 400000 for 1000
 14 hyphenation exceptions out of 10000
 5i,0n,1p,84b,7s stack positions out of 3000i,500n,3000p,50000b,5000s
No pages of output.
