This is pdfeTeX, Version 3.141592-1.20a-rc7.2-2.2 (MiKTeX 2.4) (preloaded format=latex 2004.9.17)  25 JAN 2005 09:26
entering extended mode
**survey.tex
(survey.tex
LaTeX2e <2003/12/01>
Babel <v3.8a> and hyphenation patterns for english, french, german, ngerman, du
mylang, nohyphenation, loaded.
(C:\texmf\tex\latex\base\article.cls
Document Class: article 2004/02/16 v1.4f Standard LaTeX document class
(C:\texmf\tex\latex\base\size10.clo
File: size10.clo 2004/02/16 v1.4f Standard LaTeX file (size option)
)
\c@part=\count79
\c@section=\count80
\c@subsection=\count81
\c@subsubsection=\count82
\c@paragraph=\count83
\c@subparagraph=\count84
\c@figure=\count85
\c@table=\count86
\abovecaptionskip=\skip41
\belowcaptionskip=\skip42
\bibindent=\dimen102
) (C:\texmf\tex\latex\jknappen\mathrsfs.sty
Package: mathrsfs 1996/01/01 Math RSFS package v1.0 (jk)
\symrsfs=\mathgroup4
) (C:\texmf\tex\latex\ltxmisc\anysize.sty
Package: anysize 1994/08/13 1.0 Contributed LaTeX2e package

Package: `anysize' 1.0 <1994/08/13>
\@Leftmargin=\dimen103
\@Rightmargin=\dimen104
\@Topmargin=\dimen105
\@Bottommargin=\dimen106
)
\myquoteEnd=\box26
 (survey.aux)
LaTeX Font Info:    Checking defaults for OML/cmm/m/it on input line 18.
LaTeX Font Info:    ... okay on input line 18.
LaTeX Font Info:    Checking defaults for T1/cmr/m/n on input line 18.
LaTeX Font Info:    ... okay on input line 18.
LaTeX Font Info:    Checking defaults for OT1/cmr/m/n on input line 18.
LaTeX Font Info:    ... okay on input line 18.
LaTeX Font Info:    Checking defaults for OMS/cmsy/m/n on input line 18.
LaTeX Font Info:    ... okay on input line 18.
LaTeX Font Info:    Checking defaults for OMX/cmex/m/n on input line 18.
LaTeX Font Info:    ... okay on input line 18.
LaTeX Font Info:    Checking defaults for U/cmr/m/n on input line 18.
LaTeX Font Info:    ... okay on input line 18.
LaTeX Font Info:    External font `cmex10' loaded for size
(Font)              <12> on input line 20.
LaTeX Font Info:    External font `cmex10' loaded for size
(Font)              <8> on input line 20.
LaTeX Font Info:    External font `cmex10' loaded for size
(Font)              <6> on input line 20.
LaTeX Font Info:    Try loading font information for U+rsfs on input line 20.
 (C:\texmf\tex\latex\jknappen\ursfs.fd
File: ursfs.fd 1998/03/24 rsfs font definition file (jk)
) [1

{sfonts.map}]
LaTeX Font Info:    External font `cmex10' loaded for size
(Font)              <7> on input line 107.
LaTeX Font Info:    External font `cmex10' loaded for size
(Font)              <5> on input line 107.
 [2]
Overfull \hbox (37.12988pt too wide) in paragraph at lines 196--196
[]\OT1/cmr/bx/n/14.4 Incorporation of Units into Pro-gram-ming Lan-guages [[]] 

 []

[3]
Overfull \hbox (16.28659pt too wide) in paragraph at lines 248--248
[]\OT1/cmr/bx/n/14.4 Using Units of Mea-sure-ment in For-mal Spec-i-fi-ca-tion 
[[]] 
 []

[4] [5]
LaTeX Font Info:    Try loading font information for OMS+cmtt on input line 447
.
LaTeX Font Info:    No file OMScmtt.fd. on input line 447.


LaTeX Font Warning: Font shape `OMS/cmtt/m/n' undefined
(Font)              using `OMS/cmsy/m/n' instead
(Font)              for symbol `textbullet' on input line 447.

[6] (survey.bbl [7]) [8] (survey.aux)

LaTeX Font Warning: Some font shapes were not available, defaults substituted.

 ) 
Here is how much of TeX's memory you used:
 337 strings out of 95519
 3347 string characters out of 1189651
 49397 words of memory out of 1050101
 3464 multiletter control sequences out of 35000
 10209 words of font info for 39 fonts, out of 500000 for 1000
 14 hyphenation exceptions out of 607
 24i,8n,24p,177b,195s stack positions out of 1500i,500n,5000p,200000b,32768s
 95 PDF objects out of 300000
 0 named destinations out of 300000
 1 words of extra memory for PDF output out of 65536
<C:\texmf\fonts\type1\bluesky\cm\cmtt9.pfb><C:\texmf\fonts\type1\bluesky\cm\c
mr9.pfb><C:\texmf\fonts\type1\bluesky\cm\cmti9.pfb><C:\texmf\fonts\type1\bluesk
y\cm\cmmi5.pfb><C:\texmf\fonts\type1\bluesky\cm\cmr5.pfb><C:\texmf\fonts\type1\
bluesky\cm\cmmi7.pfb><C:\texmf\fonts\type1\hoekwater\rsfs\rsfs10.pfb><C:\texmf\
fonts\type1\bluesky\cm\cmsy6.pfb><C:\texmf\fonts\type1\bluesky\cm\cmsy8.pfb><C:
\texmf\fonts\type1\bluesky\cm\cmmi8.pfb><C:\texmf\fonts\type1\bluesky\cm\cmr8.p
fb><C:\texmf\fonts\type1\bluesky\cm\cmr6.pfb><C:\texmf\fonts\type1\bluesky\cm\c
mbx10.pfb><C:\texmf\fonts\type1\bluesky\cm\cmsy10.pfb><C:\texmf\fonts\type1\blu
esky\cm\cmsy7.pfb><C:\texmf\fonts\type1\bluesky\cm\cmmi10.pfb><C:\texmf\fonts\t
ype1\bluesky\cm\cmr7.pfb><C:\texmf\fonts\type1\bluesky\cm\cmtt10.pfb><C:\texmf\
fonts\type1\bluesky\cm\cmti10.pfb><C:\texmf\fonts\type1\bluesky\cm\cmr10.pfb><C
:\texmf\fonts\type1\bluesky\cm\cmbx12.pfb><C:\texmf\fonts\type1\bluesky\cm\cmr1
2.pfb><C:\texmf\fonts\type1\bluesky\cm\cmr17.pfb>
Output written on survey.pdf (8 pages, 157503 bytes).
