This is pdfTeX, Version 3.14159-14h-released-20010417 (Web2C 7.3.3.1) (format=pdflatex 2003.2.18)  25 JAN 2005 18:09
**thoughts
(./thoughts.tex{/usr/share/texmf/pdftex/config/pdftex.cfg}
LaTeX2e <2001/06/01>
Babel <v3.7h> and hyphenation patterns for american, french, german, ngerman, i
talian, nohyphenation, loaded.
(/usr/share/texmf/tex/latex/base/article.cls
Document Class: article 2001/04/21 v1.4e Standard LaTeX document class
(/usr/share/texmf/tex/latex/base/size10.clo
File: size10.clo 2001/04/21 v1.4e Standard LaTeX file (size option)
)
\c@part=\count79
\c@section=\count80
\c@subsection=\count81
\c@subsubsection=\count82
\c@paragraph=\count83
\c@subparagraph=\count84
\c@figure=\count85
\c@table=\count86
\abovecaptionskip=\skip41
\belowcaptionskip=\skip42
\bibindent=\dimen102
)
(/usr/share/texmf/tex/latex/jknappen/mathrsfs.sty
Package: mathrsfs 1996/01/01 Math RSFS package v1.0 (jk)
\symrsfs=\mathgroup4
)
(/usr/share/texmf/tex/latex/base/alltt.sty
Package: alltt 1997/06/16 v2.0g defines alltt environment
)
(/usr/share/texmf/tex/latex/misc/anysize.sty
Package: anysize 1999/04/16 1.1 Contributed LaTeX2e package

Package: `anysize' 1.1 <1999/04/16>
\@Leftmargin=\dimen103
\@Rightmargin=\dimen104
\@Topmargin=\dimen105
\@Bottommargin=\dimen106
)
\savepar=\box26
 (./thoughts.aux)
\openout1 = `thoughts.aux'.

LaTeX Font Info:    Checking defaults for OML/cmm/m/it on input line 20.
LaTeX Font Info:    ... okay on input line 20.
LaTeX Font Info:    Checking defaults for T1/cmr/m/n on input line 20.
LaTeX Font Info:    ... okay on input line 20.
LaTeX Font Info:    Checking defaults for OT1/cmr/m/n on input line 20.
LaTeX Font Info:    ... okay on input line 20.
LaTeX Font Info:    Checking defaults for OMS/cmsy/m/n on input line 20.
LaTeX Font Info:    ... okay on input line 20.
LaTeX Font Info:    Checking defaults for OMX/cmex/m/n on input line 20.
LaTeX Font Info:    ... okay on input line 20.
LaTeX Font Info:    Checking defaults for U/cmr/m/n on input line 20.
LaTeX Font Info:    ... okay on input line 20.
LaTeX Font Info:    External font `cmex10' loaded for size
(Font)              <12> on input line 21.
LaTeX Font Info:    External font `cmex10' loaded for size
(Font)              <8> on input line 21.
LaTeX Font Info:    External font `cmex10' loaded for size
(Font)              <6> on input line 21.
LaTeX Font Info:    Try loading font information for U+rsfs on input line 21.
 (/usr/share/texmf/tex/latex/jknappen/ursfs.fd
File: ursfs.fd 1998/03/24 rsfs font definition file (jk)
)
LaTeX Font Info:    External font `cmex10' loaded for size
(Font)              <7> on input line 43.
LaTeX Font Info:    External font `cmex10' loaded for size
(Font)              <5> on input line 43.
 [1

{/usr/share/texmf/dvips/config/pdftex.map}] [2]
LaTeX Font Info:    Try loading font information for OMS+cmr on input line 228.

 (/usr/share/texmf/tex/latex/base/omscmr.fd
File: omscmr.fd 1999/05/25 v2.5h Standard LaTeX font definitions
)
LaTeX Font Info:    Font shape `OMS/cmr/m/n' in size <10> not available
(Font)              Font shape `OMS/cmsy/m/n' tried instead on input line 228.
 [3]
Overfull \hbox (6.79999pt too wide) in paragraph at lines 302--303
[] 
 []


Underfull \hbox (badness 10000) in paragraph at lines 302--303

 []


Overfull \hbox (6.79999pt too wide) in paragraph at lines 318--319
[] 
 []


Underfull \hbox (badness 10000) in paragraph at lines 318--319

 []


Overfull \hbox (6.79999pt too wide) in paragraph at lines 330--331
[] 
 []


Underfull \hbox (badness 10000) in paragraph at lines 330--331

 []

[4]
Overfull \hbox (6.79999pt too wide) in paragraph at lines 346--347
[] 
 []


Underfull \hbox (badness 10000) in paragraph at lines 346--347

 []


Overfull \hbox (6.79999pt too wide) in paragraph at lines 361--362
[] 
 []


Underfull \hbox (badness 10000) in paragraph at lines 361--362

 []


Overfull \hbox (6.79999pt too wide) in paragraph at lines 395--396
[] 
 []


Underfull \hbox (badness 10000) in paragraph at lines 395--396

 []

[5]
Overfull \hbox (6.79999pt too wide) in paragraph at lines 419--420
[] 
 []


Underfull \hbox (badness 10000) in paragraph at lines 419--420

 []

[6]
LaTeX Font Info:    Try loading font information for OMS+cmtt on input line 512
.
LaTeX Font Info:    No file OMScmtt.fd. on input line 512.


LaTeX Font Warning: Font shape `OMS/cmtt/m/n' undefined
(Font)              using `OMS/cmsy/m/n' instead
(Font)              for symbol `textbraceleft' on input line 512.

[7] [8] [9] [10] [11] [12] (./thoughts.bbl [13]) [14] (./thoughts.aux)

LaTeX Font Warning: Some font shapes were not available, defaults substituted.

 ) 
Here is how much of TeX's memory you used:
 353 strings out of 50453
 4152 string characters out of 688420
 50113 words of memory out of 1500001
 3392 multiletter control sequences out of 10000+25000
 10911 words of font info for 41 fonts, out of 400000 for 1000
 14 hyphenation exceptions out of 10000
 24i,8n,17p,167b,308s stack positions out of 3000i,500n,3000p,50000b,5000s
</usr/share/texmf/fonts/type1/bluesky/cm/cmbx10.pfb></usr/share/texmf/fonts/t
ype1/bluesky/cm/cmtt8.pfb></usr/share/texmf/fonts/type1/bluesky/cm/cmmi10.pfb><
/usr/share/texmf/fonts/type1/bluesky/cm/cmsy7.pfb></usr/share/texmf/fonts/type1
/bluesky/cm/cmr9.pfb></usr/share/texmf/fonts/type1/bluesky/cm/cmsy10.pfb></usr/
share/texmf/fonts/type1/bluesky/cm/cmti8.pfb></usr/share/texmf/fonts/type1/blue
sky/cm/cmr8.pfb></usr/share/texmf/fonts/type1/bluesky/cm/cmr6.pfb></usr/share/t
exmf/fonts/type1/bluesky/cm/cmtt10.pfb></usr/share/texmf/fonts/type1/bluesky/cm
/cmr7.pfb></usr/share/texmf/fonts/type1/bluesky/cm/cmti10.pfb></usr/share/texmf
/fonts/type1/bluesky/cm/cmr10.pfb></usr/share/texmf/fonts/type1/bluesky/cm/cmbx
12.pfb></usr/share/texmf/fonts/type1/bluesky/cm/cmr12.pfb></usr/share/texmf/fon
ts/type1/bluesky/cm/cmti12.pfb></usr/share/texmf/fonts/type1/bluesky/cm/cmr17.p
fb>
Output written on thoughts.pdf (14 pages, 165291 bytes).
